{"C:\\Users\\msgok\\OneDrive\\Desktop\\Project\\Smartmedi-box\\backend\\api.js": {"path":"C:\\Users\\msgok\\OneDrive\\Desktop\\Project\\Smartmedi-box\\backend\\api.js","statementMap":{"0":{"start":{"line":1,"column":16},"end":{"line":1,"column":34}},"1":{"start":{"line":2,"column":12},"end":{"line":2,"column":35}},"2":{"start":{"line":3,"column":15},"end":{"line":3,"column":34}},"3":{"start":{"line":4,"column":11},"end":{"line":4,"column":26}},"4":{"start":{"line":5,"column":13},"end":{"line":5,"column":30}},"5":{"start":{"line":7,"column":15},"end":{"line":7,"column":31}},"6":{"start":{"line":8,"column":19},"end":{"line":8,"column":87}},"7":{"start":{"line":12,"column":2},"end":{"line":22,"column":5}},"8":{"start":{"line":13,"column":19},"end":{"line":13,"column":37}},"9":{"start":{"line":14,"column":4},"end":{"line":17,"column":5}},"10":{"start":{"line":15,"column":6},"end":{"line":15,"column":52}},"11":{"start":{"line":16,"column":6},"end":{"line":16,"column":13}},"12":{"start":{"line":18,"column":4},"end":{"line":21,"column":7}},"13":{"start":{"line":19,"column":6},"end":{"line":20,"column":24}},"14":{"start":{"line":19,"column":15},"end":{"line":19,"column":27}},"15":{"start":{"line":20,"column":11},"end":{"line":20,"column":24}},"16":{"start":{"line":27,"column":21},"end":{"line":27,"column":49}},"17":{"start":{"line":28,"column":16},"end":{"line":28,"column":54}},"18":{"start":{"line":30,"column":2},"end":{"line":32,"column":3}},"19":{"start":{"line":31,"column":4},"end":{"line":31,"column":68}},"20":{"start":{"line":34,"column":2},"end":{"line":40,"column":5}},"21":{"start":{"line":35,"column":4},"end":{"line":37,"column":5}},"22":{"start":{"line":36,"column":6},"end":{"line":36,"column":62}},"23":{"start":{"line":38,"column":4},"end":{"line":38,"column":20}},"24":{"start":{"line":39,"column":4},"end":{"line":39,"column":11}},"25":{"start":{"line":44,"column":0},"end":{"line":88,"column":3}},"26":{"start":{"line":45,"column":2},"end":{"line":87,"column":3}},"27":{"start":{"line":46,"column":53},"end":{"line":46,"column":61}},"28":{"start":{"line":48,"column":4},"end":{"line":52,"column":5}},"29":{"start":{"line":49,"column":6},"end":{"line":51,"column":9}},"30":{"start":{"line":55,"column":25},"end":{"line":55,"column":61}},"31":{"start":{"line":56,"column":4},"end":{"line":58,"column":5}},"32":{"start":{"line":57,"column":6},"end":{"line":57,"column":68}},"33":{"start":{"line":61,"column":27},"end":{"line":61,"column":58}},"34":{"start":{"line":64,"column":17},"end":{"line":64,"column":82}},"35":{"start":{"line":67,"column":18},"end":{"line":71,"column":5}},"36":{"start":{"line":73,"column":4},"end":{"line":83,"column":7}},"37":{"start":{"line":85,"column":4},"end":{"line":85,"column":51}},"38":{"start":{"line":86,"column":4},"end":{"line":86,"column":62}},"39":{"start":{"line":91,"column":0},"end":{"line":133,"column":3}},"40":{"start":{"line":92,"column":2},"end":{"line":132,"column":3}},"41":{"start":{"line":93,"column":35},"end":{"line":93,"column":43}},"42":{"start":{"line":95,"column":4},"end":{"line":97,"column":5}},"43":{"start":{"line":96,"column":6},"end":{"line":96,"column":83}},"44":{"start":{"line":100,"column":17},"end":{"line":100,"column":53}},"45":{"start":{"line":101,"column":4},"end":{"line":103,"column":5}},"46":{"start":{"line":102,"column":6},"end":{"line":102,"column":68}},"47":{"start":{"line":106,"column":26},"end":{"line":106,"column":71}},"48":{"start":{"line":107,"column":4},"end":{"line":109,"column":5}},"49":{"start":{"line":108,"column":6},"end":{"line":108,"column":68}},"50":{"start":{"line":112,"column":18},"end":{"line":116,"column":5}},"51":{"start":{"line":118,"column":4},"end":{"line":128,"column":7}},"52":{"start":{"line":130,"column":4},"end":{"line":130,"column":44}},"53":{"start":{"line":131,"column":4},"end":{"line":131,"column":56}},"54":{"start":{"line":136,"column":0},"end":{"line":159,"column":3}},"55":{"start":{"line":137,"column":2},"end":{"line":158,"column":3}},"56":{"start":{"line":138,"column":21},"end":{"line":138,"column":61}},"57":{"start":{"line":140,"column":23},"end":{"line":140,"column":52}},"58":{"start":{"line":141,"column":18},"end":{"line":141,"column":96}},"59":{"start":{"line":144,"column":4},"end":{"line":148,"column":5}},"60":{"start":{"line":145,"column":6},"end":{"line":145,"column":51}},"61":{"start":{"line":147,"column":6},"end":{"line":147,"column":44}},"62":{"start":{"line":150,"column":4},"end":{"line":154,"column":7}},"63":{"start":{"line":156,"column":4},"end":{"line":156,"column":50}},"64":{"start":{"line":157,"column":4},"end":{"line":157,"column":60}},"65":{"start":{"line":162,"column":0},"end":{"line":187,"column":3}},"66":{"start":{"line":163,"column":2},"end":{"line":186,"column":3}},"67":{"start":{"line":164,"column":35},"end":{"line":164,"column":43}},"68":{"start":{"line":165,"column":27},"end":{"line":165,"column":57}},"69":{"start":{"line":167,"column":4},"end":{"line":169,"column":5}},"70":{"start":{"line":168,"column":6},"end":{"line":168,"column":68}},"71":{"start":{"line":171,"column":4},"end":{"line":173,"column":5}},"72":{"start":{"line":172,"column":6},"end":{"line":172,"column":70}},"73":{"start":{"line":176,"column":4},"end":{"line":176,"column":53}},"74":{"start":{"line":178,"column":4},"end":{"line":182,"column":7}},"75":{"start":{"line":184,"column":4},"end":{"line":184,"column":49}},"76":{"start":{"line":185,"column":4},"end":{"line":185,"column":59}},"77":{"start":{"line":190,"column":0},"end":{"line":218,"column":3}},"78":{"start":{"line":191,"column":2},"end":{"line":217,"column":3}},"79":{"start":{"line":192,"column":21},"end":{"line":192,"column":61}},"80":{"start":{"line":193,"column":4},"end":{"line":195,"column":5}},"81":{"start":{"line":194,"column":6},"end":{"line":194,"column":70}},"82":{"start":{"line":198,"column":44},"end":{"line":202,"column":6}},"83":{"start":{"line":204,"column":18},"end":{"line":208,"column":5}},"84":{"start":{"line":210,"column":4},"end":{"line":213,"column":7}},"85":{"start":{"line":215,"column":4},"end":{"line":215,"column":54}},"86":{"start":{"line":216,"column":4},"end":{"line":216,"column":64}},"87":{"start":{"line":220,"column":0},"end":{"line":220,"column":24}}},"fnMap":{"0":{"name":"dbGet","decl":{"start":{"line":11,"column":9},"end":{"line":11,"column":14}},"loc":{"start":{"line":11,"column":30},"end":{"line":23,"column":1}},"line":11},"1":{"name":"(anonymous_1)","decl":{"start":{"line":12,"column":21},"end":{"line":12,"column":22}},"loc":{"start":{"line":12,"column":42},"end":{"line":22,"column":3}},"line":12},"2":{"name":"(anonymous_2)","decl":{"start":{"line":18,"column":30},"end":{"line":18,"column":31}},"loc":{"start":{"line":18,"column":44},"end":{"line":21,"column":5}},"line":18},"3":{"name":"authenticateToken","decl":{"start":{"line":26,"column":9},"end":{"line":26,"column":26}},"loc":{"start":{"line":26,"column":43},"end":{"line":41,"column":1}},"line":26},"4":{"name":"(anonymous_4)","decl":{"start":{"line":34,"column":32},"end":{"line":34,"column":33}},"loc":{"start":{"line":34,"column":47},"end":{"line":40,"column":3}},"line":34},"5":{"name":"(anonymous_5)","decl":{"start":{"line":44,"column":25},"end":{"line":44,"column":26}},"loc":{"start":{"line":44,"column":45},"end":{"line":88,"column":1}},"line":44},"6":{"name":"(anonymous_6)","decl":{"start":{"line":91,"column":22},"end":{"line":91,"column":23}},"loc":{"start":{"line":91,"column":42},"end":{"line":133,"column":1}},"line":91},"7":{"name":"(anonymous_7)","decl":{"start":{"line":136,"column":41},"end":{"line":136,"column":42}},"loc":{"start":{"line":136,"column":61},"end":{"line":159,"column":1}},"line":136},"8":{"name":"(anonymous_8)","decl":{"start":{"line":162,"column":41},"end":{"line":162,"column":42}},"loc":{"start":{"line":162,"column":61},"end":{"line":187,"column":1}},"line":162},"9":{"name":"(anonymous_9)","decl":{"start":{"line":190,"column":40},"end":{"line":190,"column":41}},"loc":{"start":{"line":190,"column":60},"end":{"line":218,"column":1}},"line":190}},"branchMap":{"0":{"loc":{"start":{"line":8,"column":19},"end":{"line":8,"column":87}},"type":"binary-expr","locations":[{"start":{"line":8,"column":19},"end":{"line":8,"column":41}},{"start":{"line":8,"column":45},"end":{"line":8,"column":87}}],"line":8},"1":{"loc":{"start":{"line":14,"column":4},"end":{"line":17,"column":5}},"type":"if","locations":[{"start":{"line":14,"column":4},"end":{"line":17,"column":5}},{"start":{},"end":{}}],"line":14},"2":{"loc":{"start":{"line":19,"column":6},"end":{"line":20,"column":24}},"type":"if","locations":[{"start":{"line":19,"column":6},"end":{"line":20,"column":24}},{"start":{"line":20,"column":11},"end":{"line":20,"column":24}}],"line":19},"3":{"loc":{"start":{"line":28,"column":16},"end":{"line":28,"column":54}},"type":"binary-expr","locations":[{"start":{"line":28,"column":16},"end":{"line":28,"column":26}},{"start":{"line":28,"column":30},"end":{"line":28,"column":54}}],"line":28},"4":{"loc":{"start":{"line":30,"column":2},"end":{"line":32,"column":3}},"type":"if","locations":[{"start":{"line":30,"column":2},"end":{"line":32,"column":3}},{"start":{},"end":{}}],"line":30},"5":{"loc":{"start":{"line":35,"column":4},"end":{"line":37,"column":5}},"type":"if","locations":[{"start":{"line":35,"column":4},"end":{"line":37,"column":5}},{"start":{},"end":{}}],"line":35},"6":{"loc":{"start":{"line":48,"column":4},"end":{"line":52,"column":5}},"type":"if","locations":[{"start":{"line":48,"column":4},"end":{"line":52,"column":5}},{"start":{},"end":{}}],"line":48},"7":{"loc":{"start":{"line":48,"column":8},"end":{"line":48,"column":54}},"type":"binary-expr","locations":[{"start":{"line":48,"column":8},"end":{"line":48,"column":17}},{"start":{"line":48,"column":21},"end":{"line":48,"column":27}},{"start":{"line":48,"column":31},"end":{"line":48,"column":40}},{"start":{"line":48,"column":44},"end":{"line":48,"column":54}}],"line":48},"8":{"loc":{"start":{"line":56,"column":4},"end":{"line":58,"column":5}},"type":"if","locations":[{"start":{"line":56,"column":4},"end":{"line":58,"column":5}},{"start":{},"end":{}}],"line":56},"9":{"loc":{"start":{"line":95,"column":4},"end":{"line":97,"column":5}},"type":"if","locations":[{"start":{"line":95,"column":4},"end":{"line":97,"column":5}},{"start":{},"end":{}}],"line":95},"10":{"loc":{"start":{"line":95,"column":8},"end":{"line":95,"column":30}},"type":"binary-expr","locations":[{"start":{"line":95,"column":8},"end":{"line":95,"column":17}},{"start":{"line":95,"column":21},"end":{"line":95,"column":30}}],"line":95},"11":{"loc":{"start":{"line":101,"column":4},"end":{"line":103,"column":5}},"type":"if","locations":[{"start":{"line":101,"column":4},"end":{"line":103,"column":5}},{"start":{},"end":{}}],"line":101},"12":{"loc":{"start":{"line":107,"column":4},"end":{"line":109,"column":5}},"type":"if","locations":[{"start":{"line":107,"column":4},"end":{"line":109,"column":5}},{"start":{},"end":{}}],"line":107},"13":{"loc":{"start":{"line":138,"column":21},"end":{"line":138,"column":61}},"type":"binary-expr","locations":[{"start":{"line":138,"column":21},"end":{"line":138,"column":40}},{"start":{"line":138,"column":44},"end":{"line":138,"column":61}}],"line":138},"14":{"loc":{"start":{"line":141,"column":18},"end":{"line":141,"column":96}},"type":"cond-expr","locations":[{"start":{"line":141,"column":80},"end":{"line":141,"column":83}},{"start":{"line":141,"column":86},"end":{"line":141,"column":96}}],"line":141},"15":{"loc":{"start":{"line":141,"column":19},"end":{"line":141,"column":76}},"type":"binary-expr","locations":[{"start":{"line":141,"column":19},"end":{"line":141,"column":36}},{"start":{"line":141,"column":40},"end":{"line":141,"column":55}},{"start":{"line":141,"column":59},"end":{"line":141,"column":76}}],"line":141},"16":{"loc":{"start":{"line":144,"column":4},"end":{"line":148,"column":5}},"type":"if","locations":[{"start":{"line":144,"column":4},"end":{"line":148,"column":5}},{"start":{"line":146,"column":11},"end":{"line":148,"column":5}}],"line":144},"17":{"loc":{"start":{"line":165,"column":27},"end":{"line":165,"column":57}},"type":"binary-expr","locations":[{"start":{"line":165,"column":27},"end":{"line":165,"column":36}},{"start":{"line":165,"column":40},"end":{"line":165,"column":57}}],"line":165},"18":{"loc":{"start":{"line":167,"column":4},"end":{"line":169,"column":5}},"type":"if","locations":[{"start":{"line":167,"column":4},"end":{"line":169,"column":5}},{"start":{},"end":{}}],"line":167},"19":{"loc":{"start":{"line":171,"column":4},"end":{"line":173,"column":5}},"type":"if","locations":[{"start":{"line":171,"column":4},"end":{"line":173,"column":5}},{"start":{},"end":{}}],"line":171},"20":{"loc":{"start":{"line":192,"column":21},"end":{"line":192,"column":61}},"type":"binary-expr","locations":[{"start":{"line":192,"column":21},"end":{"line":192,"column":40}},{"start":{"line":192,"column":44},"end":{"line":192,"column":61}}],"line":192},"21":{"loc":{"start":{"line":193,"column":4},"end":{"line":195,"column":5}},"type":"if","locations":[{"start":{"line":193,"column":4},"end":{"line":195,"column":5}},{"start":{},"end":{}}],"line":193},"22":{"loc":{"start":{"line":205,"column":19},"end":{"line":205,"column":39}},"type":"binary-expr","locations":[{"start":{"line":205,"column":19},"end":{"line":205,"column":34}},{"start":{"line":205,"column":38},"end":{"line":205,"column":39}}],"line":205},"23":{"loc":{"start":{"line":206,"column":19},"end":{"line":206,"column":39}},"type":"binary-expr","locations":[{"start":{"line":206,"column":19},"end":{"line":206,"column":34}},{"start":{"line":206,"column":38},"end":{"line":206,"column":39}}],"line":206},"24":{"loc":{"start":{"line":207,"column":17},"end":{"line":207,"column":34}},"type":"binary-expr","locations":[{"start":{"line":207,"column":17},"end":{"line":207,"column":26}},{"start":{"line":207,"column":30},"end":{"line":207,"column":34}}],"line":207}},"s":{"0":2,"1":2,"2":2,"3":2,"4":2,"5":2,"6":2,"7":9,"8":9,"9":9,"10":0,"11":0,"12":9,"13":9,"14":0,"15":9,"16":14,"17":14,"18":14,"19":2,"20":12,"21":12,"22":2,"23":10,"24":10,"25":2,"26":6,"27":6,"28":6,"29":1,"30":5,"31":5,"32":1,"33":4,"34":4,"35":4,"36":4,"37":0,"38":0,"39":2,"40":10,"41":10,"42":10,"43":1,"44":9,"45":9,"46":0,"47":9,"48":9,"49":1,"50":8,"51":8,"52":0,"53":0,"54":2,"55":5,"56":5,"57":5,"58":5,"59":5,"60":5,"61":0,"62":5,"63":0,"64":0,"65":2,"66":2,"67":2,"68":2,"69":2,"70":1,"71":1,"72":0,"73":1,"74":0,"75":1,"76":1,"77":2,"78":3,"79":3,"80":3,"81":0,"82":3,"83":3,"84":3,"85":0,"86":0,"87":2},"f":{"0":9,"1":9,"2":9,"3":14,"4":12,"5":6,"6":10,"7":5,"8":2,"9":3},"b":{"0":[2,0],"1":[0,9],"2":[0,9],"3":[14,12],"4":[2,12],"5":[2,10],"6":[1,5],"7":[6,6,6,5],"8":[1,4],"9":[1,9],"10":[10,10],"11":[0,9],"12":[1,8],"13":[5,5],"14":[4,1],"15":[5,1,1],"16":[5,0],"17":[2,2],"18":[1,1],"19":[0,1],"20":[3,3],"21":[0,3],"22":[3,0],"23":[3,0],"24":[3,0]},"_coverageSchema":"1a1c01bbd47fc00a2c39e90264f33305004495a9","hash":"8553d2050e79a33326c361e00450ca3118da2fc0"}
,"C:\\Users\\msgok\\OneDrive\\Desktop\\Project\\Smartmedi-box\\backend\\db.js": {"path":"C:\\Users\\msgok\\OneDrive\\Desktop\\Project\\Smartmedi-box\\backend\\db.js","statementMap":{"0":{"start":{"line":1,"column":16},"end":{"line":1,"column":44}},"1":{"start":{"line":2,"column":13},"end":{"line":2,"column":28}},"2":{"start":{"line":4,"column":16},"end":{"line":4,"column":74}},"3":{"start":{"line":6,"column":9},"end":{"line":6,"column":13}},"4":{"start":{"line":9,"column":2},"end":{"line":19,"column":5}},"5":{"start":{"line":10,"column":4},"end":{"line":18,"column":7}},"6":{"start":{"line":11,"column":6},"end":{"line":15,"column":7}},"7":{"start":{"line":12,"column":8},"end":{"line":12,"column":54}},"8":{"start":{"line":13,"column":8},"end":{"line":13,"column":20}},"9":{"start":{"line":14,"column":8},"end":{"line":14,"column":15}},"10":{"start":{"line":16,"column":6},"end":{"line":16,"column":53}},"11":{"start":{"line":17,"column":6},"end":{"line":17,"column":49}},"12":{"start":{"line":23,"column":2},"end":{"line":77,"column":5}},"13":{"start":{"line":24,"column":4},"end":{"line":27,"column":5}},"14":{"start":{"line":25,"column":6},"end":{"line":25,"column":52}},"15":{"start":{"line":26,"column":6},"end":{"line":26,"column":13}},"16":{"start":{"line":29,"column":20},"end":{"line":60,"column":5}},"17":{"start":{"line":62,"column":20},"end":{"line":62,"column":21}},"18":{"start":{"line":63,"column":4},"end":{"line":76,"column":7}},"19":{"start":{"line":64,"column":6},"end":{"line":75,"column":9}},"20":{"start":{"line":65,"column":8},"end":{"line":69,"column":9}},"21":{"start":{"line":66,"column":10},"end":{"line":66,"column":63}},"22":{"start":{"line":67,"column":10},"end":{"line":67,"column":22}},"23":{"start":{"line":68,"column":10},"end":{"line":68,"column":17}},"24":{"start":{"line":70,"column":8},"end":{"line":70,"column":20}},"25":{"start":{"line":71,"column":8},"end":{"line":74,"column":9}},"26":{"start":{"line":72,"column":10},"end":{"line":72,"column":51}},"27":{"start":{"line":73,"column":10},"end":{"line":73,"column":20}},"28":{"start":{"line":81,"column":2},"end":{"line":96,"column":5}},"29":{"start":{"line":82,"column":4},"end":{"line":85,"column":5}},"30":{"start":{"line":83,"column":6},"end":{"line":83,"column":52}},"31":{"start":{"line":84,"column":6},"end":{"line":84,"column":13}},"32":{"start":{"line":86,"column":18},"end":{"line":87,"column":42}},"33":{"start":{"line":88,"column":4},"end":{"line":95,"column":7}},"34":{"start":{"line":89,"column":6},"end":{"line":93,"column":7}},"35":{"start":{"line":90,"column":8},"end":{"line":90,"column":53}},"36":{"start":{"line":91,"column":8},"end":{"line":91,"column":20}},"37":{"start":{"line":92,"column":8},"end":{"line":92,"column":15}},"38":{"start":{"line":94,"column":6},"end":{"line":94,"column":27}},"39":{"start":{"line":100,"column":2},"end":{"line":113,"column":5}},"40":{"start":{"line":101,"column":4},"end":{"line":104,"column":5}},"41":{"start":{"line":102,"column":6},"end":{"line":102,"column":52}},"42":{"start":{"line":103,"column":6},"end":{"line":103,"column":13}},"43":{"start":{"line":105,"column":16},"end":{"line":105,"column":91}},"44":{"start":{"line":106,"column":4},"end":{"line":112,"column":7}},"45":{"start":{"line":107,"column":6},"end":{"line":110,"column":7}},"46":{"start":{"line":108,"column":8},"end":{"line":108,"column":20}},"47":{"start":{"line":109,"column":8},"end":{"line":109,"column":15}},"48":{"start":{"line":111,"column":6},"end":{"line":111,"column":20}},"49":{"start":{"line":117,"column":2},"end":{"line":130,"column":5}},"50":{"start":{"line":118,"column":4},"end":{"line":121,"column":5}},"51":{"start":{"line":119,"column":6},"end":{"line":119,"column":52}},"52":{"start":{"line":120,"column":6},"end":{"line":120,"column":13}},"53":{"start":{"line":122,"column":18},"end":{"line":122,"column":73}},"54":{"start":{"line":123,"column":4},"end":{"line":129,"column":7}},"55":{"start":{"line":124,"column":6},"end":{"line":127,"column":7}},"56":{"start":{"line":125,"column":8},"end":{"line":125,"column":20}},"57":{"start":{"line":126,"column":8},"end":{"line":126,"column":15}},"58":{"start":{"line":128,"column":6},"end":{"line":128,"column":20}},"59":{"start":{"line":134,"column":2},"end":{"line":148,"column":5}},"60":{"start":{"line":135,"column":4},"end":{"line":138,"column":5}},"61":{"start":{"line":136,"column":6},"end":{"line":136,"column":52}},"62":{"start":{"line":137,"column":6},"end":{"line":137,"column":13}},"63":{"start":{"line":139,"column":18},"end":{"line":140,"column":39}},"64":{"start":{"line":141,"column":4},"end":{"line":147,"column":7}},"65":{"start":{"line":142,"column":6},"end":{"line":145,"column":7}},"66":{"start":{"line":143,"column":8},"end":{"line":143,"column":20}},"67":{"start":{"line":144,"column":8},"end":{"line":144,"column":15}},"68":{"start":{"line":146,"column":6},"end":{"line":146,"column":62}},"69":{"start":{"line":152,"column":2},"end":{"line":165,"column":5}},"70":{"start":{"line":153,"column":4},"end":{"line":156,"column":5}},"71":{"start":{"line":154,"column":6},"end":{"line":154,"column":52}},"72":{"start":{"line":155,"column":6},"end":{"line":155,"column":13}},"73":{"start":{"line":157,"column":18},"end":{"line":157,"column":58}},"74":{"start":{"line":158,"column":4},"end":{"line":164,"column":7}},"75":{"start":{"line":159,"column":6},"end":{"line":162,"column":7}},"76":{"start":{"line":160,"column":8},"end":{"line":160,"column":20}},"77":{"start":{"line":161,"column":8},"end":{"line":161,"column":15}},"78":{"start":{"line":163,"column":6},"end":{"line":163,"column":19}},"79":{"start":{"line":169,"column":2},"end":{"line":182,"column":5}},"80":{"start":{"line":170,"column":4},"end":{"line":173,"column":5}},"81":{"start":{"line":171,"column":6},"end":{"line":171,"column":52}},"82":{"start":{"line":172,"column":6},"end":{"line":172,"column":13}},"83":{"start":{"line":174,"column":18},"end":{"line":174,"column":59}},"84":{"start":{"line":175,"column":4},"end":{"line":181,"column":7}},"85":{"start":{"line":176,"column":6},"end":{"line":179,"column":7}},"86":{"start":{"line":177,"column":8},"end":{"line":177,"column":20}},"87":{"start":{"line":178,"column":8},"end":{"line":178,"column":15}},"88":{"start":{"line":180,"column":6},"end":{"line":180,"column":19}},"89":{"start":{"line":186,"column":2},"end":{"line":199,"column":5}},"90":{"start":{"line":187,"column":4},"end":{"line":190,"column":5}},"91":{"start":{"line":188,"column":6},"end":{"line":188,"column":52}},"92":{"start":{"line":189,"column":6},"end":{"line":189,"column":13}},"93":{"start":{"line":191,"column":18},"end":{"line":191,"column":73}},"94":{"start":{"line":192,"column":4},"end":{"line":198,"column":7}},"95":{"start":{"line":193,"column":6},"end":{"line":196,"column":7}},"96":{"start":{"line":194,"column":8},"end":{"line":194,"column":20}},"97":{"start":{"line":195,"column":8},"end":{"line":195,"column":15}},"98":{"start":{"line":197,"column":6},"end":{"line":197,"column":27}},"99":{"start":{"line":203,"column":2},"end":{"line":203,"column":12}},"100":{"start":{"line":207,"column":2},"end":{"line":222,"column":5}},"101":{"start":{"line":208,"column":4},"end":{"line":211,"column":5}},"102":{"start":{"line":209,"column":6},"end":{"line":209,"column":16}},"103":{"start":{"line":210,"column":6},"end":{"line":210,"column":13}},"104":{"start":{"line":212,"column":4},"end":{"line":221,"column":7}},"105":{"start":{"line":213,"column":6},"end":{"line":217,"column":7}},"106":{"start":{"line":214,"column":8},"end":{"line":214,"column":54}},"107":{"start":{"line":215,"column":8},"end":{"line":215,"column":20}},"108":{"start":{"line":216,"column":8},"end":{"line":216,"column":15}},"109":{"start":{"line":218,"column":6},"end":{"line":218,"column":39}},"110":{"start":{"line":219,"column":6},"end":{"line":219,"column":16}},"111":{"start":{"line":220,"column":6},"end":{"line":220,"column":16}},"112":{"start":{"line":225,"column":0},"end":{"line":236,"column":2}}},"fnMap":{"0":{"name":"init","decl":{"start":{"line":8,"column":9},"end":{"line":8,"column":13}},"loc":{"start":{"line":8,"column":16},"end":{"line":20,"column":1}},"line":8},"1":{"name":"(anonymous_1)","decl":{"start":{"line":9,"column":21},"end":{"line":9,"column":22}},"loc":{"start":{"line":9,"column":42},"end":{"line":19,"column":3}},"line":9},"2":{"name":"(anonymous_2)","decl":{"start":{"line":10,"column":39},"end":{"line":10,"column":40}},"loc":{"start":{"line":10,"column":48},"end":{"line":18,"column":5}},"line":10},"3":{"name":"createTables","decl":{"start":{"line":22,"column":9},"end":{"line":22,"column":21}},"loc":{"start":{"line":22,"column":24},"end":{"line":78,"column":1}},"line":22},"4":{"name":"(anonymous_4)","decl":{"start":{"line":23,"column":21},"end":{"line":23,"column":22}},"loc":{"start":{"line":23,"column":42},"end":{"line":77,"column":3}},"line":23},"5":{"name":"(anonymous_5)","decl":{"start":{"line":63,"column":20},"end":{"line":63,"column":21}},"loc":{"start":{"line":63,"column":38},"end":{"line":76,"column":5}},"line":63},"6":{"name":"(anonymous_6)","decl":{"start":{"line":64,"column":20},"end":{"line":64,"column":21}},"loc":{"start":{"line":64,"column":29},"end":{"line":75,"column":7}},"line":64},"7":{"name":"insertEvent","decl":{"start":{"line":80,"column":9},"end":{"line":80,"column":20}},"loc":{"start":{"line":80,"column":75},"end":{"line":97,"column":1}},"line":80},"8":{"name":"(anonymous_8)","decl":{"start":{"line":81,"column":21},"end":{"line":81,"column":22}},"loc":{"start":{"line":81,"column":42},"end":{"line":96,"column":3}},"line":81},"9":{"name":"(anonymous_9)","decl":{"start":{"line":88,"column":82},"end":{"line":88,"column":83}},"loc":{"start":{"line":88,"column":96},"end":{"line":95,"column":5}},"line":88},"10":{"name":"getEvents","decl":{"start":{"line":99,"column":9},"end":{"line":99,"column":18}},"loc":{"start":{"line":99,"column":42},"end":{"line":114,"column":1}},"line":99},"11":{"name":"(anonymous_11)","decl":{"start":{"line":100,"column":21},"end":{"line":100,"column":22}},"loc":{"start":{"line":100,"column":42},"end":{"line":113,"column":3}},"line":100},"12":{"name":"(anonymous_12)","decl":{"start":{"line":106,"column":37},"end":{"line":106,"column":38}},"loc":{"start":{"line":106,"column":52},"end":{"line":112,"column":5}},"line":106},"13":{"name":"getAllEvents","decl":{"start":{"line":116,"column":9},"end":{"line":116,"column":21}},"loc":{"start":{"line":116,"column":35},"end":{"line":131,"column":1}},"line":116},"14":{"name":"(anonymous_14)","decl":{"start":{"line":117,"column":21},"end":{"line":117,"column":22}},"loc":{"start":{"line":117,"column":42},"end":{"line":130,"column":3}},"line":117},"15":{"name":"(anonymous_15)","decl":{"start":{"line":123,"column":27},"end":{"line":123,"column":28}},"loc":{"start":{"line":123,"column":42},"end":{"line":129,"column":5}},"line":123},"16":{"name":"registerUser","decl":{"start":{"line":133,"column":9},"end":{"line":133,"column":21}},"loc":{"start":{"line":133,"column":59},"end":{"line":149,"column":1}},"line":133},"17":{"name":"(anonymous_17)","decl":{"start":{"line":134,"column":21},"end":{"line":134,"column":22}},"loc":{"start":{"line":134,"column":42},"end":{"line":148,"column":3}},"line":134},"18":{"name":"(anonymous_18)","decl":{"start":{"line":141,"column":57},"end":{"line":141,"column":58}},"loc":{"start":{"line":141,"column":71},"end":{"line":147,"column":5}},"line":141},"19":{"name":"getUserByUsername","decl":{"start":{"line":151,"column":9},"end":{"line":151,"column":26}},"loc":{"start":{"line":151,"column":37},"end":{"line":166,"column":1}},"line":151},"20":{"name":"(anonymous_20)","decl":{"start":{"line":152,"column":21},"end":{"line":152,"column":22}},"loc":{"start":{"line":152,"column":42},"end":{"line":165,"column":3}},"line":152},"21":{"name":"(anonymous_21)","decl":{"start":{"line":158,"column":30},"end":{"line":158,"column":31}},"loc":{"start":{"line":158,"column":44},"end":{"line":164,"column":5}},"line":158},"22":{"name":"getUserByDeviceId","decl":{"start":{"line":168,"column":9},"end":{"line":168,"column":26}},"loc":{"start":{"line":168,"column":37},"end":{"line":183,"column":1}},"line":168},"23":{"name":"(anonymous_23)","decl":{"start":{"line":169,"column":21},"end":{"line":169,"column":22}},"loc":{"start":{"line":169,"column":42},"end":{"line":182,"column":3}},"line":169},"24":{"name":"(anonymous_24)","decl":{"start":{"line":175,"column":30},"end":{"line":175,"column":31}},"loc":{"start":{"line":175,"column":44},"end":{"line":181,"column":5}},"line":175},"25":{"name":"insertAlert","decl":{"start":{"line":185,"column":9},"end":{"line":185,"column":20}},"loc":{"start":{"line":185,"column":40},"end":{"line":200,"column":1}},"line":185},"26":{"name":"(anonymous_26)","decl":{"start":{"line":186,"column":21},"end":{"line":186,"column":22}},"loc":{"start":{"line":186,"column":42},"end":{"line":199,"column":3}},"line":186},"27":{"name":"(anonymous_27)","decl":{"start":{"line":192,"column":39},"end":{"line":192,"column":40}},"loc":{"start":{"line":192,"column":53},"end":{"line":198,"column":5}},"line":192},"28":{"name":"getConnection","decl":{"start":{"line":202,"column":9},"end":{"line":202,"column":22}},"loc":{"start":{"line":202,"column":25},"end":{"line":204,"column":1}},"line":202},"29":{"name":"close","decl":{"start":{"line":206,"column":9},"end":{"line":206,"column":14}},"loc":{"start":{"line":206,"column":17},"end":{"line":223,"column":1}},"line":206},"30":{"name":"(anonymous_30)","decl":{"start":{"line":207,"column":21},"end":{"line":207,"column":22}},"loc":{"start":{"line":207,"column":42},"end":{"line":222,"column":3}},"line":207},"31":{"name":"(anonymous_31)","decl":{"start":{"line":212,"column":13},"end":{"line":212,"column":14}},"loc":{"start":{"line":212,"column":22},"end":{"line":221,"column":5}},"line":212}},"branchMap":{"0":{"loc":{"start":{"line":4,"column":16},"end":{"line":4,"column":74}},"type":"binary-expr","locations":[{"start":{"line":4,"column":16},"end":{"line":4,"column":35}},{"start":{"line":4,"column":39},"end":{"line":4,"column":74}}],"line":4},"1":{"loc":{"start":{"line":11,"column":6},"end":{"line":15,"column":7}},"type":"if","locations":[{"start":{"line":11,"column":6},"end":{"line":15,"column":7}},{"start":{},"end":{}}],"line":11},"2":{"loc":{"start":{"line":24,"column":4},"end":{"line":27,"column":5}},"type":"if","locations":[{"start":{"line":24,"column":4},"end":{"line":27,"column":5}},{"start":{},"end":{}}],"line":24},"3":{"loc":{"start":{"line":65,"column":8},"end":{"line":69,"column":9}},"type":"if","locations":[{"start":{"line":65,"column":8},"end":{"line":69,"column":9}},{"start":{},"end":{}}],"line":65},"4":{"loc":{"start":{"line":71,"column":8},"end":{"line":74,"column":9}},"type":"if","locations":[{"start":{"line":71,"column":8},"end":{"line":74,"column":9}},{"start":{},"end":{}}],"line":71},"5":{"loc":{"start":{"line":82,"column":4},"end":{"line":85,"column":5}},"type":"if","locations":[{"start":{"line":82,"column":4},"end":{"line":85,"column":5}},{"start":{},"end":{}}],"line":82},"6":{"loc":{"start":{"line":88,"column":29},"end":{"line":88,"column":48}},"type":"cond-expr","locations":[{"start":{"line":88,"column":43},"end":{"line":88,"column":44}},{"start":{"line":88,"column":47},"end":{"line":88,"column":48}}],"line":88},"7":{"loc":{"start":{"line":89,"column":6},"end":{"line":93,"column":7}},"type":"if","locations":[{"start":{"line":89,"column":6},"end":{"line":93,"column":7}},{"start":{},"end":{}}],"line":89},"8":{"loc":{"start":{"line":99,"column":29},"end":{"line":99,"column":40}},"type":"default-arg","locations":[{"start":{"line":99,"column":37},"end":{"line":99,"column":40}}],"line":99},"9":{"loc":{"start":{"line":101,"column":4},"end":{"line":104,"column":5}},"type":"if","locations":[{"start":{"line":101,"column":4},"end":{"line":104,"column":5}},{"start":{},"end":{}}],"line":101},"10":{"loc":{"start":{"line":107,"column":6},"end":{"line":110,"column":7}},"type":"if","locations":[{"start":{"line":107,"column":6},"end":{"line":110,"column":7}},{"start":{},"end":{}}],"line":107},"11":{"loc":{"start":{"line":116,"column":22},"end":{"line":116,"column":33}},"type":"default-arg","locations":[{"start":{"line":116,"column":30},"end":{"line":116,"column":33}}],"line":116},"12":{"loc":{"start":{"line":118,"column":4},"end":{"line":121,"column":5}},"type":"if","locations":[{"start":{"line":118,"column":4},"end":{"line":121,"column":5}},{"start":{},"end":{}}],"line":118},"13":{"loc":{"start":{"line":124,"column":6},"end":{"line":127,"column":7}},"type":"if","locations":[{"start":{"line":124,"column":6},"end":{"line":127,"column":7}},{"start":{},"end":{}}],"line":124},"14":{"loc":{"start":{"line":135,"column":4},"end":{"line":138,"column":5}},"type":"if","locations":[{"start":{"line":135,"column":4},"end":{"line":138,"column":5}},{"start":{},"end":{}}],"line":135},"15":{"loc":{"start":{"line":142,"column":6},"end":{"line":145,"column":7}},"type":"if","locations":[{"start":{"line":142,"column":6},"end":{"line":145,"column":7}},{"start":{},"end":{}}],"line":142},"16":{"loc":{"start":{"line":153,"column":4},"end":{"line":156,"column":5}},"type":"if","locations":[{"start":{"line":153,"column":4},"end":{"line":156,"column":5}},{"start":{},"end":{}}],"line":153},"17":{"loc":{"start":{"line":159,"column":6},"end":{"line":162,"column":7}},"type":"if","locations":[{"start":{"line":159,"column":6},"end":{"line":162,"column":7}},{"start":{},"end":{}}],"line":159},"18":{"loc":{"start":{"line":170,"column":4},"end":{"line":173,"column":5}},"type":"if","locations":[{"start":{"line":170,"column":4},"end":{"line":173,"column":5}},{"start":{},"end":{}}],"line":170},"19":{"loc":{"start":{"line":176,"column":6},"end":{"line":179,"column":7}},"type":"if","locations":[{"start":{"line":176,"column":6},"end":{"line":179,"column":7}},{"start":{},"end":{}}],"line":176},"20":{"loc":{"start":{"line":187,"column":4},"end":{"line":190,"column":5}},"type":"if","locations":[{"start":{"line":187,"column":4},"end":{"line":190,"column":5}},{"start":{},"end":{}}],"line":187},"21":{"loc":{"start":{"line":193,"column":6},"end":{"line":196,"column":7}},"type":"if","locations":[{"start":{"line":193,"column":6},"end":{"line":196,"column":7}},{"start":{},"end":{}}],"line":193},"22":{"loc":{"start":{"line":208,"column":4},"end":{"line":211,"column":5}},"type":"if","locations":[{"start":{"line":208,"column":4},"end":{"line":211,"column":5}},{"start":{},"end":{}}],"line":208},"23":{"loc":{"start":{"line":213,"column":6},"end":{"line":217,"column":7}},"type":"if","locations":[{"start":{"line":213,"column":6},"end":{"line":217,"column":7}},{"start":{},"end":{}}],"line":213}},"s":{"0":4,"1":4,"2":4,"3":4,"4":5,"5":5,"6":5,"7":0,"8":0,"9":0,"10":5,"11":5,"12":5,"13":5,"14":0,"15":0,"16":5,"17":5,"18":5,"19":15,"20":15,"21":0,"22":0,"23":0,"24":15,"25":15,"26":5,"27":5,"28":10,"29":10,"30":1,"31":1,"32":9,"33":9,"34":9,"35":0,"36":0,"37":0,"38":9,"39":6,"40":6,"41":0,"42":0,"43":6,"44":6,"45":6,"46":0,"47":0,"48":6,"49":1,"50":1,"51":0,"52":0,"53":1,"54":1,"55":1,"56":0,"57":0,"58":1,"59":7,"60":7,"61":0,"62":0,"63":7,"64":7,"65":7,"66":1,"67":1,"68":6,"69":16,"70":16,"71":0,"72":0,"73":16,"74":16,"75":16,"76":0,"77":0,"78":16,"79":1,"80":1,"81":0,"82":0,"83":1,"84":1,"85":1,"86":0,"87":0,"88":1,"89":1,"90":1,"91":0,"92":0,"93":1,"94":1,"95":1,"96":0,"97":0,"98":1,"99":9,"100":5,"101":5,"102":0,"103":0,"104":5,"105":5,"106":0,"107":0,"108":0,"109":5,"110":5,"111":5,"112":4},"f":{"0":5,"1":5,"2":5,"3":5,"4":5,"5":15,"6":15,"7":10,"8":10,"9":9,"10":6,"11":6,"12":6,"13":1,"14":1,"15":1,"16":7,"17":7,"18":7,"19":16,"20":16,"21":16,"22":1,"23":1,"24":1,"25":1,"26":1,"27":1,"28":9,"29":5,"30":5,"31":5},"b":{"0":[4,0],"1":[0,5],"2":[0,5],"3":[0,15],"4":[5,10],"5":[1,9],"6":[9,0],"7":[0,9],"8":[0],"9":[0,6],"10":[0,6],"11":[0],"12":[0,1],"13":[0,1],"14":[0,7],"15":[1,6],"16":[0,16],"17":[0,16],"18":[0,1],"19":[0,1],"20":[0,1],"21":[0,1],"22":[0,5],"23":[0,5]},"_coverageSchema":"1a1c01bbd47fc00a2c39e90264f33305004495a9","hash":"c720003c16ea30a0c7de00351bb982c7015d1735"}
,"C:\\Users\\msgok\\OneDrive\\Desktop\\Project\\Smartmedi-box\\backend\\index.js": {"path":"C:\\Users\\msgok\\OneDrive\\Desktop\\Project\\Smartmedi-box\\backend\\index.js","statementMap":{"0":{"start":{"line":1,"column":0},"end":{"line":1,"column":27}},"1":{"start":{"line":2,"column":16},"end":{"line":2,"column":34}},"2":{"start":{"line":3,"column":13},"end":{"line":3,"column":28}},"3":{"start":{"line":4,"column":11},"end":{"line":4,"column":26}},"4":{"start":{"line":5,"column":20},"end":{"line":5,"column":37}},"5":{"start":{"line":6,"column":12},"end":{"line":6,"column":28}},"6":{"start":{"line":8,"column":12},"end":{"line":8,"column":21}},"7":{"start":{"line":9,"column":13},"end":{"line":9,"column":37}},"8":{"start":{"line":10,"column":13},"end":{"line":10,"column":17}},"9":{"start":{"line":13,"column":0},"end":{"line":13,"column":16}},"10":{"start":{"line":14,"column":0},"end":{"line":14,"column":24}},"11":{"start":{"line":15,"column":0},"end":{"line":15,"column":48}},"12":{"start":{"line":19,"column":2},"end":{"line":42,"column":3}},"13":{"start":{"line":21,"column":4},"end":{"line":21,"column":20}},"14":{"start":{"line":24,"column":4},"end":{"line":24,"column":23}},"15":{"start":{"line":27,"column":4},"end":{"line":27,"column":25}},"16":{"start":{"line":30,"column":4},"end":{"line":32,"column":7}},"17":{"start":{"line":31,"column":6},"end":{"line":31,"column":66}},"18":{"start":{"line":35,"column":4},"end":{"line":38,"column":7}},"19":{"start":{"line":36,"column":6},"end":{"line":36,"column":67}},"20":{"start":{"line":37,"column":6},"end":{"line":37,"column":91}},"21":{"start":{"line":40,"column":4},"end":{"line":40,"column":51}},"22":{"start":{"line":41,"column":4},"end":{"line":41,"column":20}},"23":{"start":{"line":45,"column":0},"end":{"line":50,"column":3}},"24":{"start":{"line":48,"column":2},"end":{"line":48,"column":50}},"25":{"start":{"line":49,"column":2},"end":{"line":49,"column":18}},"26":{"start":{"line":54,"column":2},"end":{"line":54,"column":68}},"27":{"start":{"line":56,"column":2},"end":{"line":60,"column":3}},"28":{"start":{"line":57,"column":4},"end":{"line":59,"column":7}},"29":{"start":{"line":58,"column":6},"end":{"line":58,"column":42}},"30":{"start":{"line":62,"column":2},"end":{"line":74,"column":3}},"31":{"start":{"line":64,"column":4},"end":{"line":64,"column":30}},"32":{"start":{"line":67,"column":4},"end":{"line":67,"column":21}},"33":{"start":{"line":69,"column":4},"end":{"line":69,"column":44}},"34":{"start":{"line":70,"column":4},"end":{"line":70,"column":20}},"35":{"start":{"line":72,"column":4},"end":{"line":72,"column":51}},"36":{"start":{"line":73,"column":4},"end":{"line":73,"column":20}},"37":{"start":{"line":78,"column":0},"end":{"line":78,"column":57}},"38":{"start":{"line":78,"column":28},"end":{"line":78,"column":55}},"39":{"start":{"line":79,"column":0},"end":{"line":79,"column":55}},"40":{"start":{"line":79,"column":27},"end":{"line":79,"column":53}},"41":{"start":{"line":82,"column":0},"end":{"line":85,"column":3}},"42":{"start":{"line":83,"column":2},"end":{"line":83,"column":44}},"43":{"start":{"line":87,"column":0},"end":{"line":90,"column":3}},"44":{"start":{"line":88,"column":2},"end":{"line":88,"column":45}}},"fnMap":{"0":{"name":"startServer","decl":{"start":{"line":18,"column":15},"end":{"line":18,"column":26}},"loc":{"start":{"line":18,"column":29},"end":{"line":43,"column":1}},"line":18},"1":{"name":"(anonymous_1)","decl":{"start":{"line":30,"column":23},"end":{"line":30,"column":24}},"loc":{"start":{"line":30,"column":37},"end":{"line":32,"column":5}},"line":30},"2":{"name":"(anonymous_2)","decl":{"start":{"line":35,"column":30},"end":{"line":35,"column":31}},"loc":{"start":{"line":35,"column":36},"end":{"line":38,"column":5}},"line":35},"3":{"name":"(anonymous_3)","decl":{"start":{"line":45,"column":19},"end":{"line":45,"column":20}},"loc":{"start":{"line":45,"column":25},"end":{"line":47,"column":1}},"line":45},"4":{"name":"(anonymous_4)","decl":{"start":{"line":47,"column":9},"end":{"line":47,"column":10}},"loc":{"start":{"line":47,"column":20},"end":{"line":50,"column":1}},"line":47},"5":{"name":"gracefulShutdown","decl":{"start":{"line":53,"column":15},"end":{"line":53,"column":31}},"loc":{"start":{"line":53,"column":40},"end":{"line":75,"column":1}},"line":53},"6":{"name":"(anonymous_6)","decl":{"start":{"line":57,"column":17},"end":{"line":57,"column":18}},"loc":{"start":{"line":57,"column":23},"end":{"line":59,"column":5}},"line":57},"7":{"name":"(anonymous_7)","decl":{"start":{"line":78,"column":22},"end":{"line":78,"column":23}},"loc":{"start":{"line":78,"column":28},"end":{"line":78,"column":55}},"line":78},"8":{"name":"(anonymous_8)","decl":{"start":{"line":79,"column":21},"end":{"line":79,"column":22}},"loc":{"start":{"line":79,"column":27},"end":{"line":79,"column":53}},"line":79},"9":{"name":"(anonymous_9)","decl":{"start":{"line":82,"column":32},"end":{"line":82,"column":33}},"loc":{"start":{"line":82,"column":41},"end":{"line":85,"column":1}},"line":82},"10":{"name":"(anonymous_10)","decl":{"start":{"line":87,"column":33},"end":{"line":87,"column":34}},"loc":{"start":{"line":87,"column":42},"end":{"line":90,"column":1}},"line":87}},"branchMap":{"0":{"loc":{"start":{"line":9,"column":13},"end":{"line":9,"column":37}},"type":"binary-expr","locations":[{"start":{"line":9,"column":13},"end":{"line":9,"column":29}},{"start":{"line":9,"column":33},"end":{"line":9,"column":37}}],"line":9},"1":{"loc":{"start":{"line":37,"column":37},"end":{"line":37,"column":87}},"type":"binary-expr","locations":[{"start":{"line":37,"column":37},"end":{"line":37,"column":60}},{"start":{"line":37,"column":64},"end":{"line":37,"column":87}}],"line":37},"2":{"loc":{"start":{"line":56,"column":2},"end":{"line":60,"column":3}},"type":"if","locations":[{"start":{"line":56,"column":2},"end":{"line":60,"column":3}},{"start":{},"end":{}}],"line":56}},"s":{"0":0,"1":0,"2":0,"3":0,"4":0,"5":0,"6":0,"7":0,"8":0,"9":0,"10":0,"11":0,"12":0,"13":0,"14":0,"15":0,"16":0,"17":0,"18":0,"19":0,"20":0,"21":0,"22":0,"23":0,"24":0,"25":0,"26":0,"27":0,"28":0,"29":0,"30":0,"31":0,"32":0,"33":0,"34":0,"35":0,"36":0,"37":0,"38":0,"39":0,"40":0,"41":0,"42":0,"43":0,"44":0},"f":{"0":0,"1":0,"2":0,"3":0,"4":0,"5":0,"6":0,"7":0,"8":0,"9":0,"10":0},"b":{"0":[0,0],"1":[0,0],"2":[0,0]}}
,"C:\\Users\\msgok\\OneDrive\\Desktop\\Project\\Smartmedi-box\\backend\\mqtt.js": {"path":"C:\\Users\\msgok\\OneDrive\\Desktop\\Project\\Smartmedi-box\\backend\\mqtt.js","statementMap":{"0":{"start":{"line":1,"column":13},"end":{"line":1,"column":28}},"1":{"start":{"line":2,"column":11},"end":{"line":2,"column":26}},"2":{"start":{"line":4,"column":20},"end":{"line":4,"column":70}},"3":{"start":{"line":5,"column":13},"end":{"line":5,"column":17}},"4":{"start":{"line":6,"column":20},"end":{"line":6,"column":25}},"5":{"start":{"line":10,"column":2},"end":{"line":13,"column":3}},"6":{"start":{"line":11,"column":4},"end":{"line":11,"column":58}},"7":{"start":{"line":12,"column":4},"end":{"line":12,"column":11}},"8":{"start":{"line":16,"column":2},"end":{"line":22,"column":3}},"9":{"start":{"line":17,"column":4},"end":{"line":17,"column":32}},"10":{"start":{"line":18,"column":4},"end":{"line":20,"column":5}},"11":{"start":{"line":19,"column":6},"end":{"line":19,"column":19}},"12":{"start":{"line":21,"column":4},"end":{"line":21,"column":18}},"13":{"start":{"line":24,"column":2},"end":{"line":24,"column":62}},"14":{"start":{"line":26,"column":2},"end":{"line":30,"column":5}},"15":{"start":{"line":32,"column":2},"end":{"line":32,"column":23}},"16":{"start":{"line":34,"column":2},"end":{"line":45,"column":5}},"17":{"start":{"line":35,"column":4},"end":{"line":35,"column":46}},"18":{"start":{"line":38,"column":4},"end":{"line":44,"column":7}},"19":{"start":{"line":39,"column":6},"end":{"line":43,"column":7}},"20":{"start":{"line":40,"column":8},"end":{"line":40,"column":59}},"21":{"start":{"line":42,"column":8},"end":{"line":42,"column":57}},"22":{"start":{"line":47,"column":2},"end":{"line":49,"column":5}},"23":{"start":{"line":48,"column":4},"end":{"line":48,"column":38}},"24":{"start":{"line":51,"column":2},"end":{"line":53,"column":5}},"25":{"start":{"line":52,"column":4},"end":{"line":52,"column":46}},"26":{"start":{"line":55,"column":2},"end":{"line":103,"column":5}},"27":{"start":{"line":56,"column":4},"end":{"line":102,"column":5}},"28":{"start":{"line":58,"column":6},"end":{"line":61,"column":7}},"29":{"start":{"line":59,"column":8},"end":{"line":59,"column":57}},"30":{"start":{"line":60,"column":8},"end":{"line":60,"column":15}},"31":{"start":{"line":64,"column":6},"end":{"line":70,"column":7}},"32":{"start":{"line":65,"column":8},"end":{"line":65,"column":46}},"33":{"start":{"line":67,"column":8},"end":{"line":67,"column":73}},"34":{"start":{"line":68,"column":8},"end":{"line":68,"column":80}},"35":{"start":{"line":69,"column":8},"end":{"line":69,"column":15}},"36":{"start":{"line":72,"column":6},"end":{"line":72,"column":60}},"37":{"start":{"line":75,"column":25},"end":{"line":75,"column":41}},"38":{"start":{"line":76,"column":23},"end":{"line":76,"column":54}},"39":{"start":{"line":78,"column":6},"end":{"line":81,"column":7}},"40":{"start":{"line":79,"column":8},"end":{"line":79,"column":65}},"41":{"start":{"line":80,"column":8},"end":{"line":80,"column":15}},"42":{"start":{"line":83,"column":6},"end":{"line":98,"column":7}},"43":{"start":{"line":85,"column":8},"end":{"line":97,"column":9}},"44":{"start":{"line":86,"column":10},"end":{"line":92,"column":12}},"45":{"start":{"line":93,"column":10},"end":{"line":93,"column":69}},"46":{"start":{"line":95,"column":10},"end":{"line":95,"column":68}},"47":{"start":{"line":100,"column":6},"end":{"line":100,"column":61}},"48":{"start":{"line":105,"column":2},"end":{"line":107,"column":5}},"49":{"start":{"line":106,"column":4},"end":{"line":106,"column":45}},"50":{"start":{"line":111,"column":2},"end":{"line":136,"column":5}},"51":{"start":{"line":112,"column":4},"end":{"line":115,"column":5}},"52":{"start":{"line":113,"column":6},"end":{"line":113,"column":53}},"53":{"start":{"line":114,"column":6},"end":{"line":114,"column":13}},"54":{"start":{"line":117,"column":18},"end":{"line":117,"column":45}},"55":{"start":{"line":118,"column":20},"end":{"line":121,"column":6}},"56":{"start":{"line":123,"column":4},"end":{"line":135,"column":7}},"57":{"start":{"line":124,"column":6},"end":{"line":128,"column":7}},"58":{"start":{"line":125,"column":8},"end":{"line":125,"column":54}},"59":{"start":{"line":126,"column":8},"end":{"line":126,"column":20}},"60":{"start":{"line":127,"column":8},"end":{"line":127,"column":15}},"61":{"start":{"line":129,"column":6},"end":{"line":129,"column":64}},"62":{"start":{"line":132,"column":6},"end":{"line":134,"column":23}},"63":{"start":{"line":133,"column":20},"end":{"line":133,"column":29}},"64":{"start":{"line":140,"column":2},"end":{"line":140,"column":16}},"65":{"start":{"line":144,"column":2},"end":{"line":168,"column":5}},"66":{"start":{"line":145,"column":4},"end":{"line":149,"column":5}},"67":{"start":{"line":146,"column":6},"end":{"line":146,"column":28}},"68":{"start":{"line":147,"column":6},"end":{"line":147,"column":16}},"69":{"start":{"line":148,"column":6},"end":{"line":148,"column":13}},"70":{"start":{"line":152,"column":4},"end":{"line":156,"column":5}},"71":{"start":{"line":153,"column":6},"end":{"line":153,"column":44}},"72":{"start":{"line":155,"column":6},"end":{"line":155,"column":61}},"73":{"start":{"line":159,"column":4},"end":{"line":159,"column":32}},"74":{"start":{"line":162,"column":4},"end":{"line":167,"column":7}},"75":{"start":{"line":163,"column":6},"end":{"line":163,"column":42}},"76":{"start":{"line":164,"column":6},"end":{"line":164,"column":20}},"77":{"start":{"line":165,"column":6},"end":{"line":165,"column":28}},"78":{"start":{"line":166,"column":6},"end":{"line":166,"column":16}},"79":{"start":{"line":171,"column":0},"end":{"line":176,"column":2}}},"fnMap":{"0":{"name":"init","decl":{"start":{"line":8,"column":9},"end":{"line":8,"column":13}},"loc":{"start":{"line":8,"column":16},"end":{"line":108,"column":1}},"line":8},"1":{"name":"(anonymous_1)","decl":{"start":{"line":34,"column":23},"end":{"line":34,"column":24}},"loc":{"start":{"line":34,"column":29},"end":{"line":45,"column":3}},"line":34},"2":{"name":"(anonymous_2)","decl":{"start":{"line":38,"column":52},"end":{"line":38,"column":53}},"loc":{"start":{"line":38,"column":61},"end":{"line":44,"column":5}},"line":38},"3":{"name":"(anonymous_3)","decl":{"start":{"line":47,"column":21},"end":{"line":47,"column":22}},"loc":{"start":{"line":47,"column":30},"end":{"line":49,"column":3}},"line":47},"4":{"name":"(anonymous_4)","decl":{"start":{"line":51,"column":25},"end":{"line":51,"column":26}},"loc":{"start":{"line":51,"column":31},"end":{"line":53,"column":3}},"line":51},"5":{"name":"(anonymous_5)","decl":{"start":{"line":55,"column":23},"end":{"line":55,"column":24}},"loc":{"start":{"line":55,"column":49},"end":{"line":103,"column":3}},"line":55},"6":{"name":"(anonymous_6)","decl":{"start":{"line":105,"column":21},"end":{"line":105,"column":22}},"loc":{"start":{"line":105,"column":27},"end":{"line":107,"column":3}},"line":105},"7":{"name":"publishAlert","decl":{"start":{"line":110,"column":9},"end":{"line":110,"column":21}},"loc":{"start":{"line":110,"column":41},"end":{"line":137,"column":1}},"line":110},"8":{"name":"(anonymous_8)","decl":{"start":{"line":111,"column":21},"end":{"line":111,"column":22}},"loc":{"start":{"line":111,"column":42},"end":{"line":136,"column":3}},"line":111},"9":{"name":"(anonymous_9)","decl":{"start":{"line":123,"column":47},"end":{"line":123,"column":48}},"loc":{"start":{"line":123,"column":56},"end":{"line":135,"column":5}},"line":123},"10":{"name":"(anonymous_10)","decl":{"start":{"line":133,"column":14},"end":{"line":133,"column":15}},"loc":{"start":{"line":133,"column":20},"end":{"line":133,"column":29}},"line":133},"11":{"name":"getClient","decl":{"start":{"line":139,"column":9},"end":{"line":139,"column":18}},"loc":{"start":{"line":139,"column":21},"end":{"line":141,"column":1}},"line":139},"12":{"name":"close","decl":{"start":{"line":143,"column":9},"end":{"line":143,"column":14}},"loc":{"start":{"line":143,"column":17},"end":{"line":169,"column":1}},"line":143},"13":{"name":"(anonymous_13)","decl":{"start":{"line":144,"column":21},"end":{"line":144,"column":22}},"loc":{"start":{"line":144,"column":34},"end":{"line":168,"column":3}},"line":144},"14":{"name":"(anonymous_14)","decl":{"start":{"line":162,"column":22},"end":{"line":162,"column":23}},"loc":{"start":{"line":162,"column":28},"end":{"line":167,"column":5}},"line":162}},"branchMap":{"0":{"loc":{"start":{"line":4,"column":20},"end":{"line":4,"column":70}},"type":"binary-expr","locations":[{"start":{"line":4,"column":20},"end":{"line":4,"column":43}},{"start":{"line":4,"column":47},"end":{"line":4,"column":70}}],"line":4},"1":{"loc":{"start":{"line":10,"column":2},"end":{"line":13,"column":3}},"type":"if","locations":[{"start":{"line":10,"column":2},"end":{"line":13,"column":3}},{"start":{},"end":{}}],"line":10},"2":{"loc":{"start":{"line":10,"column":6},"end":{"line":10,"column":49}},"type":"binary-expr","locations":[{"start":{"line":10,"column":6},"end":{"line":10,"column":19}},{"start":{"line":10,"column":23},"end":{"line":10,"column":29}},{"start":{"line":10,"column":33},"end":{"line":10,"column":49}}],"line":10},"3":{"loc":{"start":{"line":16,"column":2},"end":{"line":22,"column":3}},"type":"if","locations":[{"start":{"line":16,"column":2},"end":{"line":22,"column":3}},{"start":{},"end":{}}],"line":16},"4":{"loc":{"start":{"line":18,"column":4},"end":{"line":20,"column":5}},"type":"if","locations":[{"start":{"line":18,"column":4},"end":{"line":20,"column":5}},{"start":{},"end":{}}],"line":18},"5":{"loc":{"start":{"line":39,"column":6},"end":{"line":43,"column":7}},"type":"if","locations":[{"start":{"line":39,"column":6},"end":{"line":43,"column":7}},{"start":{"line":41,"column":13},"end":{"line":43,"column":7}}],"line":39},"6":{"loc":{"start":{"line":58,"column":6},"end":{"line":61,"column":7}},"type":"if","locations":[{"start":{"line":58,"column":6},"end":{"line":61,"column":7}},{"start":{},"end":{}}],"line":58},"7":{"loc":{"start":{"line":58,"column":10},"end":{"line":58,"column":42}},"type":"binary-expr","locations":[{"start":{"line":58,"column":10},"end":{"line":58,"column":18}},{"start":{"line":58,"column":22},"end":{"line":58,"column":42}}],"line":58},"8":{"loc":{"start":{"line":76,"column":23},"end":{"line":76,"column":54}},"type":"binary-expr","locations":[{"start":{"line":76,"column":23},"end":{"line":76,"column":37}},{"start":{"line":76,"column":41},"end":{"line":76,"column":54}}],"line":76},"9":{"loc":{"start":{"line":78,"column":6},"end":{"line":81,"column":7}},"type":"if","locations":[{"start":{"line":78,"column":6},"end":{"line":81,"column":7}},{"start":{},"end":{}}],"line":78},"10":{"loc":{"start":{"line":83,"column":6},"end":{"line":98,"column":7}},"type":"if","locations":[{"start":{"line":83,"column":6},"end":{"line":98,"column":7}},{"start":{},"end":{}}],"line":83},"11":{"loc":{"start":{"line":91,"column":12},"end":{"line":91,"column":40}},"type":"binary-expr","locations":[{"start":{"line":91,"column":12},"end":{"line":91,"column":26}},{"start":{"line":91,"column":30},"end":{"line":91,"column":40}}],"line":91},"12":{"loc":{"start":{"line":112,"column":4},"end":{"line":115,"column":5}},"type":"if","locations":[{"start":{"line":112,"column":4},"end":{"line":115,"column":5}},{"start":{},"end":{}}],"line":112},"13":{"loc":{"start":{"line":112,"column":8},"end":{"line":112,"column":36}},"type":"binary-expr","locations":[{"start":{"line":112,"column":8},"end":{"line":112,"column":15}},{"start":{"line":112,"column":19},"end":{"line":112,"column":36}}],"line":112},"14":{"loc":{"start":{"line":124,"column":6},"end":{"line":128,"column":7}},"type":"if","locations":[{"start":{"line":124,"column":6},"end":{"line":128,"column":7}},{"start":{},"end":{}}],"line":124},"15":{"loc":{"start":{"line":145,"column":4},"end":{"line":149,"column":5}},"type":"if","locations":[{"start":{"line":145,"column":4},"end":{"line":149,"column":5}},{"start":{},"end":{}}],"line":145}},"s":{"0":3,"1":3,"2":3,"3":3,"4":3,"5":3,"6":0,"7":0,"8":3,"9":2,"10":2,"11":0,"12":2,"13":3,"14":3,"15":3,"16":3,"17":0,"18":0,"19":0,"20":0,"21":0,"22":3,"23":0,"24":3,"25":0,"26":3,"27":0,"28":0,"29":0,"30":0,"31":0,"32":0,"33":0,"34":0,"35":0,"36":0,"37":0,"38":0,"39":0,"40":0,"41":0,"42":0,"43":0,"44":0,"45":0,"46":0,"47":0,"48":3,"49":0,"50":2,"51":2,"52":2,"53":2,"54":0,"55":0,"56":0,"57":0,"58":0,"59":0,"60":0,"61":0,"62":0,"63":0,"64":0,"65":3,"66":3,"67":2,"68":2,"69":2,"70":1,"71":1,"72":0,"73":1,"74":1,"75":1,"76":1,"77":1,"78":1,"79":3},"f":{"0":3,"1":0,"2":0,"3":0,"4":0,"5":0,"6":0,"7":2,"8":2,"9":0,"10":0,"11":0,"12":3,"13":3,"14":1},"b":{"0":[3,0],"1":[0,3],"2":[3,2,2],"3":[2,1],"4":[0,2],"5":[0,0],"6":[0,0],"7":[0,0],"8":[0,0],"9":[0,0],"10":[0,0],"11":[0,0],"12":[2,0],"13":[2,0],"14":[0,0],"15":[2,1]},"_coverageSchema":"1a1c01bbd47fc00a2c39e90264f33305004495a9","hash":"dfea5329a12adfb6df65b88e5c6b6e5c4d98c470"}
}
