TN:
SF:api.js
FN:11,dbGet
FN:12,(anonymous_1)
FN:18,(anonymous_2)
FN:26,authenticateToken
FN:34,(anonymous_4)
FN:44,(anonymous_5)
FN:91,(anonymous_6)
FN:136,(anonymous_7)
FN:162,(anonymous_8)
FN:190,(anonymous_9)
FNF:10
FNH:10
FNDA:9,dbGet
FNDA:9,(anonymous_1)
FNDA:9,(anonymous_2)
FNDA:14,authenticateToken
FNDA:12,(anonymous_4)
FNDA:6,(anonymous_5)
FNDA:10,(anonymous_6)
FNDA:5,(anonymous_7)
FNDA:2,(anonymous_8)
FNDA:3,(anonymous_9)
DA:1,2
DA:2,2
DA:3,2
DA:4,2
DA:5,2
DA:7,2
DA:8,2
DA:12,9
DA:13,9
DA:14,9
DA:15,0
DA:16,0
DA:18,9
DA:19,9
DA:20,9
DA:27,14
DA:28,14
DA:30,14
DA:31,2
DA:34,12
DA:35,12
DA:36,2
DA:38,10
DA:39,10
DA:44,2
DA:45,6
DA:46,6
DA:48,6
DA:49,1
DA:55,5
DA:56,5
DA:57,1
DA:61,4
DA:64,4
DA:67,4
DA:73,4
DA:85,0
DA:86,0
DA:91,2
DA:92,10
DA:93,10
DA:95,10
DA:96,1
DA:100,9
DA:101,9
DA:102,0
DA:106,9
DA:107,9
DA:108,1
DA:112,8
DA:118,8
DA:130,0
DA:131,0
DA:136,2
DA:137,5
DA:138,5
DA:140,5
DA:141,5
DA:144,5
DA:145,5
DA:147,0
DA:150,5
DA:156,0
DA:157,0
DA:162,2
DA:163,2
DA:164,2
DA:165,2
DA:167,2
DA:168,1
DA:171,1
DA:172,0
DA:176,1
DA:178,0
DA:184,1
DA:185,1
DA:190,2
DA:191,3
DA:192,3
DA:193,3
DA:194,0
DA:198,3
DA:204,3
DA:210,3
DA:215,0
DA:216,0
DA:220,2
LF:87
LH:72
BRDA:8,0,0,2
BRDA:8,0,1,0
BRDA:14,1,0,0
BRDA:14,1,1,9
BRDA:19,2,0,0
BRDA:19,2,1,9
BRDA:28,3,0,14
BRDA:28,3,1,12
BRDA:30,4,0,2
BRDA:30,4,1,12
BRDA:35,5,0,2
BRDA:35,5,1,10
BRDA:48,6,0,1
BRDA:48,6,1,5
BRDA:48,7,0,6
BRDA:48,7,1,6
BRDA:48,7,2,6
BRDA:48,7,3,5
BRDA:56,8,0,1
BRDA:56,8,1,4
BRDA:95,9,0,1
BRDA:95,9,1,9
BRDA:95,10,0,10
BRDA:95,10,1,10
BRDA:101,11,0,0
BRDA:101,11,1,9
BRDA:107,12,0,1
BRDA:107,12,1,8
BRDA:138,13,0,5
BRDA:138,13,1,5
BRDA:141,14,0,4
BRDA:141,14,1,1
BRDA:141,15,0,5
BRDA:141,15,1,1
BRDA:141,15,2,1
BRDA:144,16,0,5
BRDA:144,16,1,0
BRDA:165,17,0,2
BRDA:165,17,1,2
BRDA:167,18,0,1
BRDA:167,18,1,1
BRDA:171,19,0,0
BRDA:171,19,1,1
BRDA:192,20,0,3
BRDA:192,20,1,3
BRDA:193,21,0,0
BRDA:193,21,1,3
BRDA:205,22,0,3
BRDA:205,22,1,0
BRDA:206,23,0,3
BRDA:206,23,1,0
BRDA:207,24,0,3
BRDA:207,24,1,0
BRF:53
BRH:43
end_of_record
TN:
SF:db.js
FN:8,init
FN:9,(anonymous_1)
FN:10,(anonymous_2)
FN:22,createTables
FN:23,(anonymous_4)
FN:63,(anonymous_5)
FN:64,(anonymous_6)
FN:80,insertEvent
FN:81,(anonymous_8)
FN:88,(anonymous_9)
FN:99,getEvents
FN:100,(anonymous_11)
FN:106,(anonymous_12)
FN:116,getAllEvents
FN:117,(anonymous_14)
FN:123,(anonymous_15)
FN:133,registerUser
FN:134,(anonymous_17)
FN:141,(anonymous_18)
FN:151,getUserByUsername
FN:152,(anonymous_20)
FN:158,(anonymous_21)
FN:168,getUserByDeviceId
FN:169,(anonymous_23)
FN:175,(anonymous_24)
FN:185,insertAlert
FN:186,(anonymous_26)
FN:192,(anonymous_27)
FN:202,getConnection
FN:206,close
FN:207,(anonymous_30)
FN:212,(anonymous_31)
FNF:32
FNH:32
FNDA:5,init
FNDA:5,(anonymous_1)
FNDA:5,(anonymous_2)
FNDA:5,createTables
FNDA:5,(anonymous_4)
FNDA:15,(anonymous_5)
FNDA:15,(anonymous_6)
FNDA:10,insertEvent
FNDA:10,(anonymous_8)
FNDA:9,(anonymous_9)
FNDA:6,getEvents
FNDA:6,(anonymous_11)
FNDA:6,(anonymous_12)
FNDA:1,getAllEvents
FNDA:1,(anonymous_14)
FNDA:1,(anonymous_15)
FNDA:7,registerUser
FNDA:7,(anonymous_17)
FNDA:7,(anonymous_18)
FNDA:16,getUserByUsername
FNDA:16,(anonymous_20)
FNDA:16,(anonymous_21)
FNDA:1,getUserByDeviceId
FNDA:1,(anonymous_23)
FNDA:1,(anonymous_24)
FNDA:1,insertAlert
FNDA:1,(anonymous_26)
FNDA:1,(anonymous_27)
FNDA:9,getConnection
FNDA:5,close
FNDA:5,(anonymous_30)
FNDA:5,(anonymous_31)
DA:1,4
DA:2,4
DA:4,4
DA:6,4
DA:9,5
DA:10,5
DA:11,5
DA:12,0
DA:13,0
DA:14,0
DA:16,5
DA:17,5
DA:23,5
DA:24,5
DA:25,0
DA:26,0
DA:29,5
DA:62,5
DA:63,5
DA:64,15
DA:65,15
DA:66,0
DA:67,0
DA:68,0
DA:70,15
DA:71,15
DA:72,5
DA:73,5
DA:81,10
DA:82,10
DA:83,1
DA:84,1
DA:86,9
DA:88,9
DA:89,9
DA:90,0
DA:91,0
DA:92,0
DA:94,9
DA:100,6
DA:101,6
DA:102,0
DA:103,0
DA:105,6
DA:106,6
DA:107,6
DA:108,0
DA:109,0
DA:111,6
DA:117,1
DA:118,1
DA:119,0
DA:120,0
DA:122,1
DA:123,1
DA:124,1
DA:125,0
DA:126,0
DA:128,1
DA:134,7
DA:135,7
DA:136,0
DA:137,0
DA:139,7
DA:141,7
DA:142,7
DA:143,1
DA:144,1
DA:146,6
DA:152,16
DA:153,16
DA:154,0
DA:155,0
DA:157,16
DA:158,16
DA:159,16
DA:160,0
DA:161,0
DA:163,16
DA:169,1
DA:170,1
DA:171,0
DA:172,0
DA:174,1
DA:175,1
DA:176,1
DA:177,0
DA:178,0
DA:180,1
DA:186,1
DA:187,1
DA:188,0
DA:189,0
DA:191,1
DA:192,1
DA:193,1
DA:194,0
DA:195,0
DA:197,1
DA:203,9
DA:207,5
DA:208,5
DA:209,0
DA:210,0
DA:212,5
DA:213,5
DA:214,0
DA:215,0
DA:216,0
DA:218,5
DA:219,5
DA:220,5
DA:225,4
LF:113
LH:75
BRDA:4,0,0,4
BRDA:4,0,1,0
BRDA:11,1,0,0
BRDA:11,1,1,5
BRDA:24,2,0,0
BRDA:24,2,1,5
BRDA:65,3,0,0
BRDA:65,3,1,15
BRDA:71,4,0,5
BRDA:71,4,1,10
BRDA:82,5,0,1
BRDA:82,5,1,9
BRDA:88,6,0,9
BRDA:88,6,1,0
BRDA:89,7,0,0
BRDA:89,7,1,9
BRDA:99,8,0,0
BRDA:101,9,0,0
BRDA:101,9,1,6
BRDA:107,10,0,0
BRDA:107,10,1,6
BRDA:116,11,0,0
BRDA:118,12,0,0
BRDA:118,12,1,1
BRDA:124,13,0,0
BRDA:124,13,1,1
BRDA:135,14,0,0
BRDA:135,14,1,7
BRDA:142,15,0,1
BRDA:142,15,1,6
BRDA:153,16,0,0
BRDA:153,16,1,16
BRDA:159,17,0,0
BRDA:159,17,1,16
BRDA:170,18,0,0
BRDA:170,18,1,1
BRDA:176,19,0,0
BRDA:176,19,1,1
BRDA:187,20,0,0
BRDA:187,20,1,1
BRDA:193,21,0,0
BRDA:193,21,1,1
BRDA:208,22,0,0
BRDA:208,22,1,5
BRDA:213,23,0,0
BRDA:213,23,1,5
BRF:46
BRH:25
end_of_record
TN:
SF:index.js
FN:18,startServer
FN:30,(anonymous_1)
FN:35,(anonymous_2)
FN:45,(anonymous_3)
FN:47,(anonymous_4)
FN:53,gracefulShutdown
FN:57,(anonymous_6)
FN:78,(anonymous_7)
FN:79,(anonymous_8)
FN:82,(anonymous_9)
FN:87,(anonymous_10)
FNF:11
FNH:0
FNDA:0,startServer
FNDA:0,(anonymous_1)
FNDA:0,(anonymous_2)
FNDA:0,(anonymous_3)
FNDA:0,(anonymous_4)
FNDA:0,gracefulShutdown
FNDA:0,(anonymous_6)
FNDA:0,(anonymous_7)
FNDA:0,(anonymous_8)
FNDA:0,(anonymous_9)
FNDA:0,(anonymous_10)
DA:1,0
DA:2,0
DA:3,0
DA:4,0
DA:5,0
DA:6,0
DA:8,0
DA:9,0
DA:10,0
DA:13,0
DA:14,0
DA:15,0
DA:19,0
DA:21,0
DA:24,0
DA:27,0
DA:30,0
DA:31,0
DA:35,0
DA:36,0
DA:37,0
DA:40,0
DA:41,0
DA:45,0
DA:48,0
DA:49,0
DA:54,0
DA:56,0
DA:57,0
DA:58,0
DA:62,0
DA:64,0
DA:67,0
DA:69,0
DA:70,0
DA:72,0
DA:73,0
DA:78,0
DA:79,0
DA:82,0
DA:83,0
DA:87,0
DA:88,0
LF:43
LH:0
BRDA:9,0,0,0
BRDA:9,0,1,0
BRDA:37,1,0,0
BRDA:37,1,1,0
BRDA:56,2,0,0
BRDA:56,2,1,0
BRF:6
BRH:0
end_of_record
TN:
SF:mqtt.js
FN:8,init
FN:34,(anonymous_1)
FN:38,(anonymous_2)
FN:47,(anonymous_3)
FN:51,(anonymous_4)
FN:55,(anonymous_5)
FN:105,(anonymous_6)
FN:110,publishAlert
FN:111,(anonymous_8)
FN:123,(anonymous_9)
FN:133,(anonymous_10)
FN:139,getClient
FN:143,close
FN:144,(anonymous_13)
FN:162,(anonymous_14)
FNF:15
FNH:6
FNDA:3,init
FNDA:0,(anonymous_1)
FNDA:0,(anonymous_2)
FNDA:0,(anonymous_3)
FNDA:0,(anonymous_4)
FNDA:0,(anonymous_5)
FNDA:0,(anonymous_6)
FNDA:2,publishAlert
FNDA:2,(anonymous_8)
FNDA:0,(anonymous_9)
FNDA:0,(anonymous_10)
FNDA:0,getClient
FNDA:3,close
FNDA:3,(anonymous_13)
FNDA:1,(anonymous_14)
DA:1,3
DA:2,3
DA:4,3
DA:5,3
DA:6,3
DA:10,3
DA:11,0
DA:12,0
DA:16,3
DA:17,2
DA:18,2
DA:19,0
DA:21,2
DA:24,3
DA:26,3
DA:32,3
DA:34,3
DA:35,0
DA:38,0
DA:39,0
DA:40,0
DA:42,0
DA:47,3
DA:48,0
DA:51,3
DA:52,0
DA:55,3
DA:56,0
DA:58,0
DA:59,0
DA:60,0
DA:64,0
DA:65,0
DA:67,0
DA:68,0
DA:69,0
DA:72,0
DA:75,0
DA:76,0
DA:78,0
DA:79,0
DA:80,0
DA:83,0
DA:85,0
DA:86,0
DA:93,0
DA:95,0
DA:100,0
DA:105,3
DA:106,0
DA:111,2
DA:112,2
DA:113,2
DA:114,2
DA:117,0
DA:118,0
DA:123,0
DA:124,0
DA:125,0
DA:126,0
DA:127,0
DA:129,0
DA:132,0
DA:133,0
DA:140,0
DA:144,3
DA:145,3
DA:146,2
DA:147,2
DA:148,2
DA:152,1
DA:153,1
DA:155,0
DA:159,1
DA:162,1
DA:163,1
DA:164,1
DA:165,1
DA:166,1
DA:171,3
LF:80
LH:36
BRDA:4,0,0,3
BRDA:4,0,1,0
BRDA:10,1,0,0
BRDA:10,1,1,3
BRDA:10,2,0,3
BRDA:10,2,1,2
BRDA:10,2,2,2
BRDA:16,3,0,2
BRDA:16,3,1,1
BRDA:18,4,0,0
BRDA:18,4,1,2
BRDA:39,5,0,0
BRDA:39,5,1,0
BRDA:58,6,0,0
BRDA:58,6,1,0
BRDA:58,7,0,0
BRDA:58,7,1,0
BRDA:76,8,0,0
BRDA:76,8,1,0
BRDA:78,9,0,0
BRDA:78,9,1,0
BRDA:83,10,0,0
BRDA:83,10,1,0
BRDA:91,11,0,0
BRDA:91,11,1,0
BRDA:112,12,0,2
BRDA:112,12,1,0
BRDA:112,13,0,2
BRDA:112,13,1,0
BRDA:124,14,0,0
BRDA:124,14,1,0
BRDA:145,15,0,2
BRDA:145,15,1,1
BRF:33
BRH:12
end_of_record
